[1/16] Creating directories for 'microcdr'
[2/16] Performing download step (git clone) for 'microcdr'
正克隆到 'microcdr'...
注意：正在切换到 'v2.0.1'。

您正处于分离头指针状态。您可以查看、做试验性的修改及提交，并且您可以在切换
回一个分支时，丢弃在此状态下所做的提交而不对分支造成影响。

如果您想要通过创建分支来保留在此状态下所做的提交，您可以通过在 switch 命令
中添加参数 -c 来实现（现在或稍后）。例如：

  git switch -c <新分支名>

或者撤销此操作：

  git switch -

通过将配置变量 advice.detachedHead 设置为 false 来关闭此建议

HEAD 目前位于 3d1b177 Release v2.0.1
[3/16] Performing update step for 'microcdr'
[4/16] No patch step for 'microcdr'
[5/16] Performing configure step for 'microcdr'
loading initial cache file /home/chaniwan/PX4-Autopilot/build/hkust_nxt-dual_default/src/modules/uxrce_dds_client/src/libmicroxrceddsclient_project-build/microcdr/tmp/microcdr-cache-MinSizeRel.cmake
-- The C compiler identification is GNU 9.3.1
-- Check for working C compiler: /opt/gcc-arm-none-eabi-9-2020-q2-update/bin/arm-none-eabi-gcc
-- Check for working C compiler: /opt/gcc-arm-none-eabi-9-2020-q2-update/bin/arm-none-eabi-gcc -- works
-- Detecting C compiler ABI info
-- Detecting C compiler ABI info - done
-- Detecting C compile features
-- Detecting C compile features - done
-- The CXX compiler identification is GNU 9.3.1
-- Check for working CXX compiler: /opt/gcc-arm-none-eabi-9-2020-q2-update/bin/arm-none-eabi-g++
-- Check for working CXX compiler: /opt/gcc-arm-none-eabi-9-2020-q2-update/bin/arm-none-eabi-g++ -- works
-- Detecting CXX compiler ABI info
-- Detecting CXX compiler ABI info - done
-- Detecting CXX compile features
-- Detecting CXX compile features - done
-- Configuring done
-- Generating done
-- Build files have been written to: /home/chaniwan/PX4-Autopilot/build/hkust_nxt-dual_default/src/modules/uxrce_dds_client/src/libmicroxrceddsclient_project-build/microcdr/src/microcdr-build
[6/16] Performing build step for 'microcdr'
[1/8] Creating directories for 'ucdr'
[2/8] No download step for 'ucdr'
[3/8] No update step for 'ucdr'
[4/8] No patch step for 'ucdr'
[5/8] Performing configure step for 'ucdr'
loading initial cache file /home/chaniwan/PX4-Autopilot/build/hkust_nxt-dual_default/src/modules/uxrce_dds_client/src/libmicroxrceddsclient_project-build/microcdr/src/microcdr-build/ucdr-prefix/tmp/ucdr-cache-MinSizeRel.cmake
-- Configuring done
-- Generating done
-- Build files have been written to: /home/chaniwan/PX4-Autopilot/build/hkust_nxt-dual_default/src/modules/uxrce_dds_client/src/libmicroxrceddsclient_project-build/microcdr/src/microcdr-build
[6/8] Performing build step for 'ucdr'
[1/6] Building C object CMakeFiles/microcdr.dir/src/c/types/string.c.obj
[2/6] Building C object CMakeFiles/microcdr.dir/src/c/common.c.obj
[3/6] Building C object CMakeFiles/microcdr.dir/src/c/types/sequence.c.obj
[4/6] Building C object CMakeFiles/microcdr.dir/src/c/types/array.c.obj
[5/6] Building C object CMakeFiles/microcdr.dir/src/c/types/basic.c.obj
[6/6] Linking C static library libmicrocdr.a
[7/8] No install step for 'ucdr'
[8/8] Completed 'ucdr'
[7/16] Performing install step for 'microcdr'
[0/1] Install the project...
-- Install configuration: "MinSizeRel"
-- Installing: /home/chaniwan/PX4-Autopilot/build/hkust_nxt-dual_default/src/modules/uxrce_dds_client/src/libmicroxrceddsclient_project-build/temp_install/microcdr-2.0.1/lib/libmicrocdr.a
-- Installing: /home/chaniwan/PX4-Autopilot/build/hkust_nxt-dual_default/src/modules/uxrce_dds_client/src/libmicroxrceddsclient_project-build/temp_install/microcdr-2.0.1/include/ucdr
-- Installing: /home/chaniwan/PX4-Autopilot/build/hkust_nxt-dual_default/src/modules/uxrce_dds_client/src/libmicroxrceddsclient_project-build/temp_install/microcdr-2.0.1/include/ucdr/visibility.h
-- Installing: /home/chaniwan/PX4-Autopilot/build/hkust_nxt-dual_default/src/modules/uxrce_dds_client/src/libmicroxrceddsclient_project-build/temp_install/microcdr-2.0.1/include/ucdr/microcdr.h
-- Installing: /home/chaniwan/PX4-Autopilot/build/hkust_nxt-dual_default/src/modules/uxrce_dds_client/src/libmicroxrceddsclient_project-build/temp_install/microcdr-2.0.1/include/ucdr/config.h
-- Installing: /home/chaniwan/PX4-Autopilot/build/hkust_nxt-dual_default/src/modules/uxrce_dds_client/src/libmicroxrceddsclient_project-build/temp_install/microcdr-2.0.1/share/microcdr/cmake/microcdrTargets.cmake
-- Installing: /home/chaniwan/PX4-Autopilot/build/hkust_nxt-dual_default/src/modules/uxrce_dds_client/src/libmicroxrceddsclient_project-build/temp_install/microcdr-2.0.1/share/microcdr/cmake/microcdrTargets-minsizerel.cmake
-- Installing: /home/chaniwan/PX4-Autopilot/build/hkust_nxt-dual_default/src/modules/uxrce_dds_client/src/libmicroxrceddsclient_project-build/temp_install/microcdr-2.0.1/share/microcdr/cmake/microcdrConfig.cmake
-- Installing: /home/chaniwan/PX4-Autopilot/build/hkust_nxt-dual_default/src/modules/uxrce_dds_client/src/libmicroxrceddsclient_project-build/temp_install/microcdr-2.0.1/share/microcdr/cmake/microcdrConfigVersion.cmake
[8/16] Completed 'microcdr'
[9/16] Creating directories for 'uclient'
[10/16] No download step for 'uclient'
[11/16] No update step for 'uclient'
[12/16] No patch step for 'uclient'
[13/16] Performing configure step for 'uclient'
loading initial cache file /home/chaniwan/PX4-Autopilot/build/hkust_nxt-dual_default/src/modules/uxrce_dds_client/src/libmicroxrceddsclient_project-build/uclient-prefix/tmp/uclient-cache-MinSizeRel.cmake
-- Configuring done
-- Generating done
-- Build files have been written to: /home/chaniwan/PX4-Autopilot/build/hkust_nxt-dual_default/src/modules/uxrce_dds_client/src/libmicroxrceddsclient_project-build
[14/16] Performing build step for 'uclient'
[1/29] Building C object CMakeFiles/microxrcedds_client.dir/src/c/core/session/stream/input_best_effort_stream.c.obj
[2/29] Building C object CMakeFiles/microxrcedds_client.dir/src/c/core/session/stream/stream_id.c.obj
[3/29] Building C object CMakeFiles/microxrcedds_client.dir/src/c/core/session/submessage.c.obj
[4/29] Building C object CMakeFiles/microxrcedds_client.dir/src/c/core/session/object_id.c.obj
[5/29] Building C object CMakeFiles/microxrcedds_client.dir/src/c/core/serialization/xrce_subheader.c.obj
[6/29] Building C object CMakeFiles/microxrcedds_client.dir/src/c/util/time.c.obj
[7/29] Building C object CMakeFiles/microxrcedds_client.dir/src/c/core/session/stream/output_best_effort_stream.c.obj
[8/29] Building C object CMakeFiles/microxrcedds_client.dir/src/c/core/session/stream/seq_num.c.obj
[9/29] Building C object CMakeFiles/microxrcedds_client.dir/src/c/core/session/session_info.c.obj
[10/29] Building C object CMakeFiles/microxrcedds_client.dir/src/c/core/serialization/xrce_header.c.obj
[11/29] Building C object CMakeFiles/microxrcedds_client.dir/src/c/core/session/common_create_entities.c.obj
[12/29] Building C object CMakeFiles/microxrcedds_client.dir/src/c/core/session/stream/stream_storage.c.obj
[13/29] Building C object CMakeFiles/microxrcedds_client.dir/src/c/profile/transport/ip/udp/udp_transport.c.obj
In file included from /home/chaniwan/PX4-Autopilot/src/modules/uxrce_dds_client/Micro-XRCE-DDS-Client/include/uxr/client/profile/transport/ip/udp/udp_transport_posix.h:24,
                 from /home/chaniwan/PX4-Autopilot/src/modules/uxrce_dds_client/Micro-XRCE-DDS-Client/include/uxr/client/transport.h:24,
                 from /home/chaniwan/PX4-Autopilot/src/modules/uxrce_dds_client/Micro-XRCE-DDS-Client/include/uxr/client/profile/transport/ip/udp/udp_transport.h:31,
                 from /home/chaniwan/PX4-Autopilot/src/modules/uxrce_dds_client/Micro-XRCE-DDS-Client/src/c/profile/transport/ip/udp/udp_transport_internal.h:23,
                 from /home/chaniwan/PX4-Autopilot/src/modules/uxrce_dds_client/Micro-XRCE-DDS-Client/src/c/profile/transport/ip/udp/udp_transport.c:2:
/home/chaniwan/PX4-Autopilot/platforms/nuttx/NuttX/nuttx/include/sys/socket.h: In function '__cmsg_nxthdr':
/home/chaniwan/PX4-Autopilot/platforms/nuttx/NuttX/nuttx/include/sys/socket.h:342:11: warning: cast increases required alignment of target type [-Wcast-align]
  342 |   __ptr = (FAR struct cmsghdr *)
      |           ^
[14/29] Building C object CMakeFiles/microxrcedds_client.dir/src/c/core/session/create_entities_ref.c.obj
[15/29] Building C object CMakeFiles/microxrcedds_client.dir/src/c/core/session/stream/input_reliable_stream.c.obj
[16/29] Building C object CMakeFiles/microxrcedds_client.dir/src/c/util/ping.c.obj
In file included from /home/chaniwan/PX4-Autopilot/src/modules/uxrce_dds_client/Micro-XRCE-DDS-Client/include/uxr/client/profile/transport/ip/udp/udp_transport_posix.h:24,
                 from /home/chaniwan/PX4-Autopilot/src/modules/uxrce_dds_client/Micro-XRCE-DDS-Client/include/uxr/client/transport.h:24,
                 from /home/chaniwan/PX4-Autopilot/src/modules/uxrce_dds_client/Micro-XRCE-DDS-Client/include/uxr/client/util/ping.h:28,
                 from /home/chaniwan/PX4-Autopilot/src/modules/uxrce_dds_client/Micro-XRCE-DDS-Client/src/c/util/ping.c:1:
/home/chaniwan/PX4-Autopilot/platforms/nuttx/NuttX/nuttx/include/sys/socket.h: In function '__cmsg_nxthdr':
/home/chaniwan/PX4-Autopilot/platforms/nuttx/NuttX/nuttx/include/sys/socket.h:342:11: warning: cast increases required alignment of target type [-Wcast-align]
  342 |   __ptr = (FAR struct cmsghdr *)
      |           ^
[17/29] Building C object CMakeFiles/microxrcedds_client.dir/src/c/core/session/write_access.c.obj
[18/29] Building C object CMakeFiles/microxrcedds_client.dir/src/c/profile/transport/serial/serial_transport.c.obj
In file included from /home/chaniwan/PX4-Autopilot/src/modules/uxrce_dds_client/Micro-XRCE-DDS-Client/include/uxr/client/profile/transport/ip/udp/udp_transport_posix.h:24,
                 from /home/chaniwan/PX4-Autopilot/src/modules/uxrce_dds_client/Micro-XRCE-DDS-Client/include/uxr/client/transport.h:24,
                 from /home/chaniwan/PX4-Autopilot/src/modules/uxrce_dds_client/Micro-XRCE-DDS-Client/include/uxr/client/profile/transport/serial/serial_transport.h:31,
                 from /home/chaniwan/PX4-Autopilot/src/modules/uxrce_dds_client/Micro-XRCE-DDS-Client/include/uxr/client/profile/transport/serial/serial_transport_platform.h:23,
                 from /home/chaniwan/PX4-Autopilot/src/modules/uxrce_dds_client/Micro-XRCE-DDS-Client/src/c/profile/transport/serial/serial_transport.c:1:
/home/chaniwan/PX4-Autopilot/platforms/nuttx/NuttX/nuttx/include/sys/socket.h: In function '__cmsg_nxthdr':
/home/chaniwan/PX4-Autopilot/platforms/nuttx/NuttX/nuttx/include/sys/socket.h:342:11: warning: cast increases required alignment of target type [-Wcast-align]
  342 |   __ptr = (FAR struct cmsghdr *)
      |           ^
[19/29] Building C object CMakeFiles/microxrcedds_client.dir/src/c/profile/transport/ip/udp/udp_transport_posix.c.obj
In file included from /home/chaniwan/PX4-Autopilot/src/modules/uxrce_dds_client/Micro-XRCE-DDS-Client/include/uxr/client/profile/transport/ip/udp/udp_transport_posix.h:24,
                 from /home/chaniwan/PX4-Autopilot/src/modules/uxrce_dds_client/Micro-XRCE-DDS-Client/src/c/profile/transport/ip/udp/udp_transport_posix.c:1:
/home/chaniwan/PX4-Autopilot/platforms/nuttx/NuttX/nuttx/include/sys/socket.h: In function '__cmsg_nxthdr':
/home/chaniwan/PX4-Autopilot/platforms/nuttx/NuttX/nuttx/include/sys/socket.h:342:11: warning: cast increases required alignment of target type [-Wcast-align]
  342 |   __ptr = (FAR struct cmsghdr *)
      |           ^
/home/chaniwan/PX4-Autopilot/src/modules/uxrce_dds_client/Micro-XRCE-DDS-Client/src/c/profile/transport/ip/udp/udp_transport_posix.c: In function 'uxr_init_udp_platform':
/home/chaniwan/PX4-Autopilot/src/modules/uxrce_dds_client/Micro-XRCE-DDS-Client/src/c/profile/transport/ip/udp/udp_transport_posix.c:46:18: warning: implicit declaration of function 'getaddrinfo' [-Wimplicit-function-declaration]
   46 |         if (0 == getaddrinfo(ip, port, &hints, &result))
      |                  ^~~~~~~~~~~
/home/chaniwan/PX4-Autopilot/src/modules/uxrce_dds_client/Micro-XRCE-DDS-Client/src/c/profile/transport/ip/udp/udp_transport_posix.c:57:13: warning: implicit declaration of function 'freeaddrinfo' [-Wimplicit-function-declaration]
   57 |             freeaddrinfo(result);
      |             ^~~~~~~~~~~~
[20/29] Building C object CMakeFiles/microxrcedds_client.dir/src/c/core/session/create_entities_xml.c.obj
[21/29] Building C object CMakeFiles/microxrcedds_client.dir/src/c/core/session/read_access.c.obj
[22/29] Building C object CMakeFiles/microxrcedds_client.dir/src/c/core/session/stream/output_reliable_stream.c.obj
[23/29] Building C object CMakeFiles/microxrcedds_client.dir/src/c/profile/transport/serial/serial_transport_posix.c.obj
In file included from /home/chaniwan/PX4-Autopilot/src/modules/uxrce_dds_client/Micro-XRCE-DDS-Client/include/uxr/client/profile/transport/ip/udp/udp_transport_posix.h:24,
                 from /home/chaniwan/PX4-Autopilot/src/modules/uxrce_dds_client/Micro-XRCE-DDS-Client/include/uxr/client/transport.h:24,
                 from /home/chaniwan/PX4-Autopilot/src/modules/uxrce_dds_client/Micro-XRCE-DDS-Client/include/uxr/client/profile/transport/serial/serial_transport.h:31,
                 from /home/chaniwan/PX4-Autopilot/src/modules/uxrce_dds_client/Micro-XRCE-DDS-Client/include/uxr/client/profile/transport/serial/serial_transport_platform.h:23,
                 from /home/chaniwan/PX4-Autopilot/src/modules/uxrce_dds_client/Micro-XRCE-DDS-Client/src/c/profile/transport/serial/serial_transport_posix.c:2:
/home/chaniwan/PX4-Autopilot/platforms/nuttx/NuttX/nuttx/include/sys/socket.h: In function '__cmsg_nxthdr':
/home/chaniwan/PX4-Autopilot/platforms/nuttx/NuttX/nuttx/include/sys/socket.h:342:11: warning: cast increases required alignment of target type [-Wcast-align]
  342 |   __ptr = (FAR struct cmsghdr *)
      |           ^
[24/29] Building C object CMakeFiles/microxrcedds_client.dir/src/c/profile/transport/ip/ip_posix.c.obj
In file included from /home/chaniwan/PX4-Autopilot/platforms/nuttx/NuttX/nuttx/include/netinet/in.h:31,
                 from /home/chaniwan/PX4-Autopilot/platforms/nuttx/NuttX/nuttx/include/arpa/inet.h:32,
                 from /home/chaniwan/PX4-Autopilot/src/modules/uxrce_dds_client/Micro-XRCE-DDS-Client/src/c/profile/transport/ip/ip_posix.c:18:
/home/chaniwan/PX4-Autopilot/platforms/nuttx/NuttX/nuttx/include/sys/socket.h: In function '__cmsg_nxthdr':
/home/chaniwan/PX4-Autopilot/platforms/nuttx/NuttX/nuttx/include/sys/socket.h:342:11: warning: cast increases required alignment of target type [-Wcast-align]
  342 |   __ptr = (FAR struct cmsghdr *)
      |           ^
[25/29] Building C object CMakeFiles/microxrcedds_client.dir/src/c/core/session/create_entities_bin.c.obj
[26/29] Building C object CMakeFiles/microxrcedds_client.dir/src/c/profile/transport/stream_framing/stream_framing_protocol.c.obj
[27/29] Building C object CMakeFiles/microxrcedds_client.dir/src/c/core/session/session.c.obj
[28/29] Building C object CMakeFiles/microxrcedds_client.dir/src/c/core/serialization/xrce_types.c.obj
[29/29] Linking C static library libmicroxrcedds_client.a
[15/16] No install step for 'uclient'
[16/16] Completed 'uclient'
